<?xml version="1.0" encoding="UTF-8"?>
<!-- Generated by org.testng.reporters.JUnitReportReporter -->
<testsuite hostname="DESKTOP-1HNUI9U" failures="0" tests="1" name="com.test.ViewAttendanceTest" time="12.530" errors="0" timestamp="2022-10-19T14:01:04 IST" skipped="0">
  <testcase classname="com.test.ViewAttendanceTest" name="ViewAttendanceTest" time="12.530"/>
  <system-out/>
</testsuite> <!-- com.test.ViewAttendanceTest -->
