<?xml version="1.0" encoding="UTF-8"?>
<!-- Generated by org.testng.reporters.JUnitReportReporter -->
<testsuite hostname="DESKTOP-1HNUI9U" failures="0" tests="1" name="com.test.ViewEmployeeTest" time="44.746" errors="0" timestamp="2022-10-19T13:56:27 IST" skipped="0">
  <testcase classname="com.test.ViewEmployeeTest" name="ViewEmployeeTest" time="44.746"/>
  <system-out/>
</testsuite> <!-- com.test.ViewEmployeeTest -->
