<?xml version="1.0" encoding="UTF-8"?>
<!-- Generated by org.testng.reporters.JUnitReportReporter -->
<testsuite hostname="DESKTOP-1HNUI9U" failures="0" tests="1" name="com.test.AdminScheduleTest" time="22.042" errors="0" timestamp="2022-10-19T13:56:26 IST" skipped="0">
  <testcase classname="com.test.AdminScheduleTest" name="AdminScheduleTest" time="22.042"/>
  <system-out/>
</testsuite> <!-- com.test.AdminScheduleTest -->
