<?xml version="1.0" encoding="UTF-8"?>
<!-- Generated by org.testng.reporters.JUnitReportReporter -->
<testsuite hostname="DESKTOP-1HNUI9U" failures="0" tests="1" name="com.test.ViewSalaryTest" time="48.910" errors="0" timestamp="2022-10-19T13:56:26 IST" skipped="0">
  <testcase classname="com.test.ViewSalaryTest" name="ViewSalaryTest" time="48.910"/>
  <system-out/>
</testsuite> <!-- com.test.ViewSalaryTest -->
