<?xml version="1.0" encoding="UTF-8"?>
<!-- Generated by org.testng.reporters.JUnitReportReporter -->
<testsuite hostname="DESKTOP-1HNUI9U" failures="0" tests="1" name="com.test.LoginTest" time="64.131" errors="0" timestamp="2022-10-19T13:56:25 IST" skipped="0">
  <testcase classname="com.test.LoginTest" name="AdminLoginTest" time="64.131"/>
  <system-out/>
</testsuite> <!-- com.test.LoginTest -->
