<?xml version="1.0" encoding="UTF-8"?>
<!-- Generated by org.testng.reporters.JUnitReportReporter -->
<testsuite hostname="DESKTOP-1HNUI9U" failures="0" tests="1" name="com.test.AddSalaryTest" time="28.365" errors="0" timestamp="2022-10-19T13:56:26 IST" skipped="0">
  <testcase classname="com.test.AddSalaryTest" name="AddSalaryTest" time="28.365"/>
  <system-out/>
</testsuite> <!-- com.test.AddSalaryTest -->
