<?xml version="1.0" encoding="UTF-8"?>
<!-- Generated by org.testng.reporters.JUnitReportReporter -->
<testsuite hostname="DESKTOP-1HNUI9U" failures="0" tests="1" name="com.test.AddLeaveDataTest" time="23.683" errors="0" timestamp="2022-10-19T13:56:24 IST" skipped="0">
  <testcase classname="com.test.AddLeaveDataTest" name="AddLeaveDataTest" time="23.683"/>
  <system-out/>
</testsuite> <!-- com.test.AddLeaveDataTest -->
