<?xml version="1.0" encoding="UTF-8"?>
<!-- Generated by org.testng.reporters.JUnitReportReporter -->
<testsuite hostname="DESKTOP-1HNUI9U" failures="0" tests="1" name="com.test.UserRegisterTest" time="15.207" errors="0" timestamp="2022-10-19T14:02:17 IST" skipped="0">
  <testcase classname="com.test.UserRegisterTest" name="UserRegistrationTest" time="15.207"/>
  <system-out/>
</testsuite> <!-- com.test.UserRegisterTest -->
