<?xml version="1.0" encoding="UTF-8"?>
<!-- Generated by org.testng.reporters.JUnitReportReporter -->
<testsuite hostname="DESKTOP-1HNUI9U" failures="0" tests="1" name="com.test.ViewScheduleTest" time="22.702" errors="0" timestamp="2022-10-19T14:00:20 IST" skipped="0">
  <testcase classname="com.test.ViewScheduleTest" name="ViewScheduleTest" time="22.702"/>
  <system-out/>
</testsuite> <!-- com.test.ViewScheduleTest -->
