<?xml version="1.0" encoding="UTF-8"?>
<!-- Generated by org.testng.reporters.JUnitReportReporter -->
<testsuite hostname="DESKTOP-1HNUI9U" failures="0" tests="1" name="com.test.AddEmployeeTest" time="20.982" errors="0" timestamp="2022-10-19T13:56:25 IST" skipped="0">
  <testcase classname="com.test.AddEmployeeTest" name="AddEmployeeTest" time="20.982"/>
  <system-out/>
</testsuite> <!-- com.test.AddEmployeeTest -->
