<?xml version="1.0" encoding="UTF-8"?>
<!-- Generated by org.testng.reporters.JUnitReportReporter -->
<testsuite hostname="DESKTOP-1HNUI9U" failures="0" tests="1" name="com.test.AddAttendanceTest" time="20.629" errors="0" timestamp="2022-10-19T13:25:24 IST" skipped="0">
  <testcase classname="com.test.AddAttendanceTest" name="AddAttendanceTest" time="20.629"/>
  <system-out/>
</testsuite> <!-- com.test.AddAttendanceTest -->
